{
  "/Users/yhostc/Project/bodhi/packages/bodhi-adapter/src/api/chat.ts": {
    "path": "/Users/yhostc/Project/bodhi/packages/bodhi-adapter/src/api/chat.ts",
    "all": false,
    "statementMap": {
      "0": { "start": { "line": 1, "column": 0 }, "end": { "line": 1, "column": 58 } },
      "1": { "start": { "line": 2, "column": 0 }, "end": { "line": 2, "column": 46 } },
      "2": { "start": { "line": 3, "column": 0 }, "end": { "line": 3, "column": 33 } },
      "3": { "start": { "line": 4, "column": 0 }, "end": { "line": 4, "column": 0 } },
      "4": { "start": { "line": 5, "column": 0 }, "end": { "line": 5, "column": 22 } },
      "5": { "start": { "line": 6, "column": 0 }, "end": { "line": 6, "column": 46 } },
      "6": { "start": { "line": 7, "column": 0 }, "end": { "line": 7, "column": 0 } },
      "7": { "start": { "line": 8, "column": 0 }, "end": { "line": 8, "column": 63 } },
      "8": { "start": { "line": 9, "column": 0 }, "end": { "line": 9, "column": 23 } },
      "9": { "start": { "line": 10, "column": 0 }, "end": { "line": 10, "column": 20 } },
      "10": { "start": { "line": 11, "column": 0 }, "end": { "line": 11, "column": 48 } },
      "11": { "start": { "line": 12, "column": 0 }, "end": { "line": 12, "column": 14 } },
      "12": { "start": { "line": 13, "column": 0 }, "end": { "line": 13, "column": 20 } },
      "13": { "start": { "line": 14, "column": 0 }, "end": { "line": 14, "column": 48 } },
      "14": { "start": { "line": 15, "column": 0 }, "end": { "line": 15, "column": 14 } },
      "15": { "start": { "line": 16, "column": 0 }, "end": { "line": 16, "column": 14 } },
      "16": { "start": { "line": 17, "column": 0 }, "end": { "line": 17, "column": 66 } },
      "17": { "start": { "line": 18, "column": 0 }, "end": { "line": 18, "column": 5 } },
      "18": { "start": { "line": 19, "column": 0 }, "end": { "line": 19, "column": 3 } },
      "19": { "start": { "line": 20, "column": 0 }, "end": { "line": 20, "column": 0 } },
      "20": { "start": { "line": 21, "column": 0 }, "end": { "line": 21, "column": 51 } },
      "21": { "start": { "line": 22, "column": 0 }, "end": { "line": 22, "column": 25 } },
      "22": { "start": { "line": 23, "column": 0 }, "end": { "line": 23, "column": 53 } },
      "23": { "start": { "line": 24, "column": 0 }, "end": { "line": 24, "column": 5 } },
      "24": { "start": { "line": 25, "column": 0 }, "end": { "line": 25, "column": 49 } },
      "25": { "start": { "line": 26, "column": 0 }, "end": { "line": 26, "column": 3 } },
      "26": { "start": { "line": 27, "column": 0 }, "end": { "line": 27, "column": 1 } }
    },
    "s": {
      "0": 1,
      "1": 1,
      "2": 1,
      "3": 1,
      "4": 1,
      "5": 1,
      "6": 1,
      "7": 1,
      "8": 1,
      "9": 1,
      "10": 1,
      "11": 1,
      "12": 1,
      "13": 0,
      "14": 0,
      "15": 1,
      "16": 0,
      "17": 1,
      "18": 1,
      "19": 1,
      "20": 1,
      "21": 1,
      "22": 0,
      "23": 0,
      "24": 1,
      "25": 1,
      "26": 1
    },
    "branchMap": {
      "0": {
        "type": "branch",
        "line": 5,
        "loc": { "start": { "line": 5, "column": 7 }, "end": { "line": 27, "column": 1 } },
        "locations": [{ "start": { "line": 5, "column": 7 }, "end": { "line": 27, "column": 1 } }]
      },
      "1": {
        "type": "branch",
        "line": 8,
        "loc": { "start": { "line": 8, "column": 2 }, "end": { "line": 19, "column": 3 } },
        "locations": [{ "start": { "line": 8, "column": 2 }, "end": { "line": 19, "column": 3 } }]
      },
      "2": {
        "type": "branch",
        "line": 13,
        "loc": { "start": { "line": 13, "column": 6 }, "end": { "line": 15, "column": 14 } },
        "locations": [{ "start": { "line": 13, "column": 6 }, "end": { "line": 15, "column": 14 } }]
      },
      "3": {
        "type": "branch",
        "line": 16,
        "loc": { "start": { "line": 16, "column": 6 }, "end": { "line": 17, "column": 66 } },
        "locations": [{ "start": { "line": 16, "column": 6 }, "end": { "line": 17, "column": 66 } }]
      },
      "4": {
        "type": "branch",
        "line": 21,
        "loc": { "start": { "line": 21, "column": 2 }, "end": { "line": 26, "column": 3 } },
        "locations": [{ "start": { "line": 21, "column": 2 }, "end": { "line": 26, "column": 3 } }]
      },
      "5": {
        "type": "branch",
        "line": 22,
        "loc": { "start": { "line": 22, "column": 24 }, "end": { "line": 24, "column": 5 } },
        "locations": [{ "start": { "line": 22, "column": 24 }, "end": { "line": 24, "column": 5 } }]
      }
    },
    "b": { "0": [1], "1": [1], "2": [0], "3": [0], "4": [1], "5": [0] },
    "fnMap": {
      "0": {
        "name": "<instance_members_initializer>",
        "decl": { "start": { "line": 5, "column": 7 }, "end": { "line": 27, "column": 1 } },
        "loc": { "start": { "line": 5, "column": 7 }, "end": { "line": 27, "column": 1 } },
        "line": 5
      },
      "1": {
        "name": "ChatAPI",
        "decl": { "start": { "line": 8, "column": 2 }, "end": { "line": 19, "column": 3 } },
        "loc": { "start": { "line": 8, "column": 2 }, "end": { "line": 19, "column": 3 } },
        "line": 8
      },
      "2": {
        "name": "sendMessage",
        "decl": { "start": { "line": 21, "column": 2 }, "end": { "line": 26, "column": 3 } },
        "loc": { "start": { "line": 21, "column": 2 }, "end": { "line": 26, "column": 3 } },
        "line": 21
      }
    },
    "f": { "0": 1, "1": 1, "2": 1 }
  },
  "/Users/yhostc/Project/bodhi/packages/bodhi-adapter/src/api/index.ts": {
    "path": "/Users/yhostc/Project/bodhi/packages/bodhi-adapter/src/api/index.ts",
    "all": false,
    "statementMap": { "0": { "start": { "line": 1, "column": 0 }, "end": { "line": 1, "column": 23 } } },
    "s": { "0": 1 },
    "branchMap": {
      "0": {
        "type": "branch",
        "line": 1,
        "loc": { "start": { "line": 1, "column": 0 }, "end": { "line": 1, "column": 23 } },
        "locations": [{ "start": { "line": 1, "column": 0 }, "end": { "line": 1, "column": 23 } }]
      },
      "1": {
        "type": "branch",
        "line": 1,
        "loc": { "start": { "line": 1, "column": 0 }, "end": { "line": 1, "column": 23 } },
        "locations": [{ "start": { "line": 1, "column": 0 }, "end": { "line": 1, "column": 23 } }]
      },
      "2": {
        "type": "branch",
        "line": 1,
        "loc": { "start": { "line": 1, "column": 0 }, "end": { "line": 1, "column": 23 } },
        "locations": [{ "start": { "line": 1, "column": 0 }, "end": { "line": 1, "column": 23 } }]
      },
      "3": {
        "type": "branch",
        "line": 1,
        "loc": { "start": { "line": 1, "column": 0 }, "end": { "line": 1, "column": 23 } },
        "locations": [{ "start": { "line": 1, "column": 0 }, "end": { "line": 1, "column": 23 } }]
      },
      "4": {
        "type": "branch",
        "line": 1,
        "loc": { "start": { "line": 1, "column": 0 }, "end": { "line": 1, "column": 23 } },
        "locations": [{ "start": { "line": 1, "column": 0 }, "end": { "line": 1, "column": 23 } }]
      }
    },
    "b": { "0": [1], "1": [0], "2": [0], "3": [0], "4": [1] },
    "fnMap": {
      "0": {
        "name": "get",
        "decl": { "start": { "line": 1, "column": 0 }, "end": { "line": 1, "column": 23 } },
        "loc": { "start": { "line": 1, "column": 0 }, "end": { "line": 1, "column": 23 } },
        "line": 1
      }
    },
    "f": { "0": 1 }
  },
  "/Users/yhostc/Project/bodhi/packages/bodhi-adapter/src/supplier/base.ts": {
    "path": "/Users/yhostc/Project/bodhi/packages/bodhi-adapter/src/supplier/base.ts",
    "all": false,
    "statementMap": {
      "0": { "start": { "line": 1, "column": 0 }, "end": { "line": 1, "column": 33 } },
      "1": { "start": { "line": 2, "column": 0 }, "end": { "line": 2, "column": 49 } },
      "2": { "start": { "line": 3, "column": 0 }, "end": { "line": 3, "column": 52 } },
      "3": { "start": { "line": 4, "column": 0 }, "end": { "line": 4, "column": 0 } },
      "4": { "start": { "line": 5, "column": 0 }, "end": { "line": 5, "column": 26 } },
      "5": { "start": { "line": 6, "column": 0 }, "end": { "line": 6, "column": 22 } },
      "6": { "start": { "line": 7, "column": 0 }, "end": { "line": 7, "column": 23 } },
      "7": { "start": { "line": 8, "column": 0 }, "end": { "line": 8, "column": 22 } },
      "8": { "start": { "line": 9, "column": 0 }, "end": { "line": 9, "column": 27 } },
      "9": { "start": { "line": 10, "column": 0 }, "end": { "line": 10, "column": 0 } },
      "10": { "start": { "line": 11, "column": 0 }, "end": { "line": 11, "column": 45 } },
      "11": { "start": { "line": 12, "column": 0 }, "end": { "line": 12, "column": 44 } },
      "12": { "start": { "line": 13, "column": 0 }, "end": { "line": 13, "column": 50 } },
      "13": { "start": { "line": 14, "column": 0 }, "end": { "line": 14, "column": 47 } },
      "14": { "start": { "line": 15, "column": 0 }, "end": { "line": 15, "column": 50 } },
      "15": { "start": { "line": 16, "column": 0 }, "end": { "line": 16, "column": 3 } },
      "16": { "start": { "line": 17, "column": 0 }, "end": { "line": 17, "column": 0 } },
      "17": { "start": { "line": 18, "column": 0 }, "end": { "line": 18, "column": 45 } },
      "18": { "start": { "line": 19, "column": 0 }, "end": { "line": 19, "column": 39 } },
      "19": { "start": { "line": 20, "column": 0 }, "end": { "line": 20, "column": 3 } },
      "20": { "start": { "line": 21, "column": 0 }, "end": { "line": 21, "column": 0 } },
      "21": { "start": { "line": 22, "column": 0 }, "end": { "line": 22, "column": 46 } },
      "22": { "start": { "line": 23, "column": 0 }, "end": { "line": 23, "column": 31 } },
      "23": { "start": { "line": 24, "column": 0 }, "end": { "line": 24, "column": 36 } },
      "24": { "start": { "line": 25, "column": 0 }, "end": { "line": 25, "column": 70 } },
      "25": { "start": { "line": 26, "column": 0 }, "end": { "line": 26, "column": 38 } },
      "26": { "start": { "line": 27, "column": 0 }, "end": { "line": 27, "column": 70 } },
      "27": { "start": { "line": 28, "column": 0 }, "end": { "line": 28, "column": 36 } },
      "28": { "start": { "line": 29, "column": 0 }, "end": { "line": 29, "column": 37 } },
      "29": { "start": { "line": 30, "column": 0 }, "end": { "line": 30, "column": 8 } },
      "30": { "start": { "line": 31, "column": 0 }, "end": { "line": 31, "column": 7 } },
      "31": { "start": { "line": 32, "column": 0 }, "end": { "line": 32, "column": 3 } },
      "32": { "start": { "line": 33, "column": 0 }, "end": { "line": 33, "column": 1 } }
    },
    "s": {
      "0": 1,
      "1": 1,
      "2": 1,
      "3": 1,
      "4": 1,
      "5": 1,
      "6": 1,
      "7": 1,
      "8": 1,
      "9": 1,
      "10": 1,
      "11": 1,
      "12": 1,
      "13": 1,
      "14": 1,
      "15": 1,
      "16": 1,
      "17": 1,
      "18": 0,
      "19": 0,
      "20": 1,
      "21": 1,
      "22": 1,
      "23": 1,
      "24": 1,
      "25": 1,
      "26": 1,
      "27": 1,
      "28": 0,
      "29": 0,
      "30": 1,
      "31": 1,
      "32": 1
    },
    "branchMap": {
      "0": {
        "type": "branch",
        "line": 5,
        "loc": { "start": { "line": 5, "column": 7 }, "end": { "line": 33, "column": 1 } },
        "locations": [{ "start": { "line": 5, "column": 7 }, "end": { "line": 33, "column": 1 } }]
      },
      "1": {
        "type": "branch",
        "line": 11,
        "loc": { "start": { "line": 11, "column": 2 }, "end": { "line": 16, "column": 3 } },
        "locations": [{ "start": { "line": 11, "column": 2 }, "end": { "line": 16, "column": 3 } }]
      },
      "2": {
        "type": "branch",
        "line": 15,
        "loc": { "start": { "line": 15, "column": 16 }, "end": { "line": 15, "column": 49 } },
        "locations": [{ "start": { "line": 15, "column": 16 }, "end": { "line": 15, "column": 49 } }]
      },
      "3": {
        "type": "branch",
        "line": 22,
        "loc": { "start": { "line": 22, "column": 2 }, "end": { "line": 32, "column": 3 } },
        "locations": [{ "start": { "line": 22, "column": 2 }, "end": { "line": 32, "column": 3 } }]
      },
      "4": {
        "type": "branch",
        "line": 25,
        "loc": { "start": { "line": 25, "column": 27 }, "end": { "line": 25, "column": 69 } },
        "locations": [{ "start": { "line": 25, "column": 27 }, "end": { "line": 25, "column": 69 } }]
      },
      "5": {
        "type": "branch",
        "line": 27,
        "loc": { "start": { "line": 27, "column": 57 }, "end": { "line": 27, "column": 69 } },
        "locations": [{ "start": { "line": 27, "column": 57 }, "end": { "line": 27, "column": 69 } }]
      }
    },
    "b": { "0": [1], "1": [1], "2": [0], "3": [1], "4": [0], "5": [0] },
    "fnMap": {
      "0": {
        "name": "<instance_members_initializer>",
        "decl": { "start": { "line": 5, "column": 7 }, "end": { "line": 33, "column": 1 } },
        "loc": { "start": { "line": 5, "column": 7 }, "end": { "line": 33, "column": 1 } },
        "line": 5
      },
      "1": {
        "name": "ChatBaseAPI",
        "decl": { "start": { "line": 11, "column": 2 }, "end": { "line": 16, "column": 3 } },
        "loc": { "start": { "line": 11, "column": 2 }, "end": { "line": 16, "column": 3 } },
        "line": 11
      },
      "2": {
        "name": "sendMessage",
        "decl": { "start": { "line": 18, "column": 2 }, "end": { "line": 20, "column": 3 } },
        "loc": { "start": { "line": 18, "column": 2 }, "end": { "line": 20, "column": 3 } },
        "line": 18
      },
      "3": {
        "name": "fetch",
        "decl": { "start": { "line": 22, "column": 2 }, "end": { "line": 32, "column": 3 } },
        "loc": { "start": { "line": 22, "column": 2 }, "end": { "line": 32, "column": 3 } },
        "line": 22
      },
      "4": {
        "name": "onMessage",
        "decl": { "start": { "line": 28, "column": 18 }, "end": { "line": 30, "column": 8 } },
        "loc": { "start": { "line": 28, "column": 18 }, "end": { "line": 30, "column": 8 } },
        "line": 28
      }
    },
    "f": { "0": 1, "1": 1, "2": 0, "3": 1, "4": 0 }
  },
  "/Users/yhostc/Project/bodhi/packages/bodhi-adapter/src/supplier/index.ts": {
    "path": "/Users/yhostc/Project/bodhi/packages/bodhi-adapter/src/supplier/index.ts",
    "all": false,
    "statementMap": {
      "0": { "start": { "line": 1, "column": 0 }, "end": { "line": 1, "column": 25 } },
      "1": { "start": { "line": 2, "column": 0 }, "end": { "line": 2, "column": 25 } }
    },
    "s": { "0": 1, "1": 0 },
    "branchMap": {
      "0": {
        "type": "branch",
        "line": 1,
        "loc": { "start": { "line": 1, "column": 0 }, "end": { "line": 1, "column": 25 } },
        "locations": [{ "start": { "line": 1, "column": 0 }, "end": { "line": 1, "column": 25 } }]
      },
      "1": {
        "type": "branch",
        "line": 1,
        "loc": { "start": { "line": 1, "column": 0 }, "end": { "line": 1, "column": 25 } },
        "locations": [{ "start": { "line": 1, "column": 0 }, "end": { "line": 1, "column": 25 } }]
      },
      "2": {
        "type": "branch",
        "line": 1,
        "loc": { "start": { "line": 1, "column": 0 }, "end": { "line": 1, "column": 25 } },
        "locations": [{ "start": { "line": 1, "column": 0 }, "end": { "line": 1, "column": 25 } }]
      },
      "3": {
        "type": "branch",
        "line": 1,
        "loc": { "start": { "line": 1, "column": 0 }, "end": { "line": 1, "column": 25 } },
        "locations": [{ "start": { "line": 1, "column": 0 }, "end": { "line": 1, "column": 25 } }]
      },
      "4": {
        "type": "branch",
        "line": 1,
        "loc": { "start": { "line": 1, "column": 0 }, "end": { "line": 1, "column": 25 } },
        "locations": [{ "start": { "line": 1, "column": 0 }, "end": { "line": 1, "column": 25 } }]
      },
      "5": {
        "type": "branch",
        "line": 2,
        "loc": { "start": { "line": 2, "column": 0 }, "end": { "line": 2, "column": 25 } },
        "locations": [{ "start": { "line": 2, "column": 0 }, "end": { "line": 2, "column": 25 } }]
      },
      "6": {
        "type": "branch",
        "line": 2,
        "loc": { "start": { "line": 2, "column": 0 }, "end": { "line": 2, "column": 25 } },
        "locations": [{ "start": { "line": 2, "column": 0 }, "end": { "line": 2, "column": 25 } }]
      },
      "7": {
        "type": "branch",
        "line": 2,
        "loc": { "start": { "line": 2, "column": 0 }, "end": { "line": 2, "column": 25 } },
        "locations": [{ "start": { "line": 2, "column": 0 }, "end": { "line": 2, "column": 25 } }]
      },
      "8": {
        "type": "branch",
        "line": 2,
        "loc": { "start": { "line": 2, "column": 0 }, "end": { "line": 2, "column": 25 } },
        "locations": [{ "start": { "line": 2, "column": 0 }, "end": { "line": 2, "column": 25 } }]
      }
    },
    "b": { "0": [1], "1": [0], "2": [0], "3": [0], "4": [1], "5": [1], "6": [0], "7": [0], "8": [0] },
    "fnMap": {
      "0": {
        "name": "get",
        "decl": { "start": { "line": 1, "column": 0 }, "end": { "line": 1, "column": 25 } },
        "loc": { "start": { "line": 1, "column": 0 }, "end": { "line": 1, "column": 25 } },
        "line": 1
      },
      "1": {
        "name": "get",
        "decl": { "start": { "line": 2, "column": 0 }, "end": { "line": 2, "column": 25 } },
        "loc": { "start": { "line": 2, "column": 0 }, "end": { "line": 2, "column": 25 } },
        "line": 2
      }
    },
    "f": { "0": 1, "1": 0 }
  },
  "/Users/yhostc/Project/bodhi/packages/bodhi-adapter/src/supplier/gemini/chat.ts": {
    "path": "/Users/yhostc/Project/bodhi/packages/bodhi-adapter/src/supplier/gemini/chat.ts",
    "all": false,
    "statementMap": {
      "0": { "start": { "line": 1, "column": 0 }, "end": { "line": 1, "column": 33 } },
      "1": { "start": { "line": 2, "column": 0 }, "end": { "line": 2, "column": 38 } },
      "2": { "start": { "line": 3, "column": 0 }, "end": { "line": 3, "column": 0 } },
      "3": { "start": { "line": 4, "column": 0 }, "end": { "line": 4, "column": 48 } },
      "4": { "start": { "line": 5, "column": 0 }, "end": { "line": 5, "column": 45 } },
      "5": { "start": { "line": 6, "column": 0 }, "end": { "line": 6, "column": 101 } },
      "6": { "start": { "line": 7, "column": 0 }, "end": { "line": 7, "column": 19 } },
      "7": { "start": { "line": 8, "column": 0 }, "end": { "line": 8, "column": 3 } },
      "8": { "start": { "line": 9, "column": 0 }, "end": { "line": 9, "column": 0 } },
      "9": { "start": { "line": 10, "column": 0 }, "end": { "line": 10, "column": 51 } },
      "10": { "start": { "line": 11, "column": 0 }, "end": { "line": 11, "column": 82 } },
      "11": { "start": { "line": 12, "column": 0 }, "end": { "line": 12, "column": 90 } },
      "12": { "start": { "line": 13, "column": 0 }, "end": { "line": 13, "column": 44 } },
      "13": { "start": { "line": 14, "column": 0 }, "end": { "line": 14, "column": 46 } },
      "14": { "start": { "line": 15, "column": 0 }, "end": { "line": 15, "column": 3 } },
      "15": { "start": { "line": 16, "column": 0 }, "end": { "line": 16, "column": 1 } }
    },
    "s": {
      "0": 1,
      "1": 1,
      "2": 1,
      "3": 1,
      "4": 1,
      "5": 1,
      "6": 1,
      "7": 1,
      "8": 1,
      "9": 1,
      "10": 1,
      "11": 1,
      "12": 1,
      "13": 1,
      "14": 1,
      "15": 1
    },
    "branchMap": {
      "0": {
        "type": "branch",
        "line": 5,
        "loc": { "start": { "line": 5, "column": 2 }, "end": { "line": 8, "column": 3 } },
        "locations": [{ "start": { "line": 5, "column": 2 }, "end": { "line": 8, "column": 3 } }]
      },
      "1": {
        "type": "branch",
        "line": 10,
        "loc": { "start": { "line": 10, "column": 2 }, "end": { "line": 15, "column": 3 } },
        "locations": [{ "start": { "line": 10, "column": 2 }, "end": { "line": 15, "column": 3 } }]
      }
    },
    "b": { "0": [1], "1": [1] },
    "fnMap": {
      "0": {
        "name": "ChatGeminiAPI",
        "decl": { "start": { "line": 5, "column": 2 }, "end": { "line": 8, "column": 3 } },
        "loc": { "start": { "line": 5, "column": 2 }, "end": { "line": 8, "column": 3 } },
        "line": 5
      },
      "1": {
        "name": "sendMessage",
        "decl": { "start": { "line": 10, "column": 2 }, "end": { "line": 15, "column": 3 } },
        "loc": { "start": { "line": 10, "column": 2 }, "end": { "line": 15, "column": 3 } },
        "line": 10
      }
    },
    "f": { "0": 1, "1": 1 }
  },
  "/Users/yhostc/Project/bodhi/packages/bodhi-adapter/src/supplier/gemini/index.ts": {
    "path": "/Users/yhostc/Project/bodhi/packages/bodhi-adapter/src/supplier/gemini/index.ts",
    "all": false,
    "statementMap": { "0": { "start": { "line": 1, "column": 0 }, "end": { "line": 1, "column": 23 } } },
    "s": { "0": 1 },
    "branchMap": {
      "0": {
        "type": "branch",
        "line": 1,
        "loc": { "start": { "line": 1, "column": 0 }, "end": { "line": 1, "column": 23 } },
        "locations": [{ "start": { "line": 1, "column": 0 }, "end": { "line": 1, "column": 23 } }]
      },
      "1": {
        "type": "branch",
        "line": 1,
        "loc": { "start": { "line": 1, "column": 0 }, "end": { "line": 1, "column": 23 } },
        "locations": [{ "start": { "line": 1, "column": 0 }, "end": { "line": 1, "column": 23 } }]
      },
      "2": {
        "type": "branch",
        "line": 1,
        "loc": { "start": { "line": 1, "column": 0 }, "end": { "line": 1, "column": 23 } },
        "locations": [{ "start": { "line": 1, "column": 0 }, "end": { "line": 1, "column": 23 } }]
      },
      "3": {
        "type": "branch",
        "line": 1,
        "loc": { "start": { "line": 1, "column": 0 }, "end": { "line": 1, "column": 23 } },
        "locations": [{ "start": { "line": 1, "column": 0 }, "end": { "line": 1, "column": 23 } }]
      },
      "4": {
        "type": "branch",
        "line": 1,
        "loc": { "start": { "line": 1, "column": 0 }, "end": { "line": 1, "column": 23 } },
        "locations": [{ "start": { "line": 1, "column": 0 }, "end": { "line": 1, "column": 23 } }]
      }
    },
    "b": { "0": [1], "1": [0], "2": [0], "3": [0], "4": [1] },
    "fnMap": {
      "0": {
        "name": "get",
        "decl": { "start": { "line": 1, "column": 0 }, "end": { "line": 1, "column": 23 } },
        "loc": { "start": { "line": 1, "column": 0 }, "end": { "line": 1, "column": 23 } },
        "line": 1
      }
    },
    "f": { "0": 1 }
  },
  "/Users/yhostc/Project/bodhi/packages/bodhi-adapter/src/supplier/openai/chat.ts": {
    "path": "/Users/yhostc/Project/bodhi/packages/bodhi-adapter/src/supplier/openai/chat.ts",
    "all": false,
    "statementMap": {
      "0": { "start": { "line": 1, "column": 0 }, "end": { "line": 1, "column": 33 } },
      "1": { "start": { "line": 2, "column": 0 }, "end": { "line": 2, "column": 38 } },
      "2": { "start": { "line": 3, "column": 0 }, "end": { "line": 3, "column": 0 } },
      "3": { "start": { "line": 4, "column": 0 }, "end": { "line": 4, "column": 48 } },
      "4": { "start": { "line": 5, "column": 0 }, "end": { "line": 5, "column": 45 } },
      "5": { "start": { "line": 6, "column": 0 }, "end": { "line": 6, "column": 82 } },
      "6": { "start": { "line": 7, "column": 0 }, "end": { "line": 7, "column": 19 } },
      "7": { "start": { "line": 8, "column": 0 }, "end": { "line": 8, "column": 3 } },
      "8": { "start": { "line": 9, "column": 0 }, "end": { "line": 9, "column": 0 } },
      "9": { "start": { "line": 10, "column": 0 }, "end": { "line": 10, "column": 51 } },
      "10": { "start": { "line": 11, "column": 0 }, "end": { "line": 11, "column": 51 } },
      "11": { "start": { "line": 12, "column": 0 }, "end": { "line": 12, "column": 99 } },
      "12": { "start": { "line": 13, "column": 0 }, "end": { "line": 13, "column": 18 } },
      "13": { "start": { "line": 14, "column": 0 }, "end": { "line": 14, "column": 24 } },
      "14": { "start": { "line": 15, "column": 0 }, "end": { "line": 15, "column": 29 } },
      "15": { "start": { "line": 16, "column": 0 }, "end": { "line": 16, "column": 19 } },
      "16": { "start": { "line": 17, "column": 0 }, "end": { "line": 17, "column": 6 } },
      "17": { "start": { "line": 18, "column": 0 }, "end": { "line": 18, "column": 46 } },
      "18": { "start": { "line": 19, "column": 0 }, "end": { "line": 19, "column": 3 } },
      "19": { "start": { "line": 20, "column": 0 }, "end": { "line": 20, "column": 1 } }
    },
    "s": {
      "0": 1,
      "1": 1,
      "2": 1,
      "3": 1,
      "4": 1,
      "5": 0,
      "6": 0,
      "7": 0,
      "8": 1,
      "9": 1,
      "10": 0,
      "11": 0,
      "12": 0,
      "13": 0,
      "14": 0,
      "15": 0,
      "16": 0,
      "17": 0,
      "18": 0,
      "19": 1
    },
    "branchMap": {},
    "b": {},
    "fnMap": {
      "0": {
        "name": "ChatOpenAIAPI",
        "decl": { "start": { "line": 5, "column": 2 }, "end": { "line": 8, "column": 3 } },
        "loc": { "start": { "line": 5, "column": 2 }, "end": { "line": 8, "column": 3 } },
        "line": 5
      },
      "1": {
        "name": "sendMessage",
        "decl": { "start": { "line": 10, "column": 2 }, "end": { "line": 19, "column": 3 } },
        "loc": { "start": { "line": 10, "column": 2 }, "end": { "line": 19, "column": 3 } },
        "line": 10
      }
    },
    "f": { "0": 0, "1": 0 }
  },
  "/Users/yhostc/Project/bodhi/packages/bodhi-adapter/src/supplier/openai/index.ts": {
    "path": "/Users/yhostc/Project/bodhi/packages/bodhi-adapter/src/supplier/openai/index.ts",
    "all": false,
    "statementMap": { "0": { "start": { "line": 1, "column": 0 }, "end": { "line": 1, "column": 23 } } },
    "s": { "0": 0 },
    "branchMap": {
      "0": {
        "type": "branch",
        "line": 1,
        "loc": { "start": { "line": 1, "column": 0 }, "end": { "line": 1, "column": 23 } },
        "locations": [{ "start": { "line": 1, "column": 0 }, "end": { "line": 1, "column": 23 } }]
      },
      "1": {
        "type": "branch",
        "line": 1,
        "loc": { "start": { "line": 1, "column": 0 }, "end": { "line": 1, "column": 23 } },
        "locations": [{ "start": { "line": 1, "column": 0 }, "end": { "line": 1, "column": 23 } }]
      },
      "2": {
        "type": "branch",
        "line": 1,
        "loc": { "start": { "line": 1, "column": 0 }, "end": { "line": 1, "column": 23 } },
        "locations": [{ "start": { "line": 1, "column": 0 }, "end": { "line": 1, "column": 23 } }]
      },
      "3": {
        "type": "branch",
        "line": 1,
        "loc": { "start": { "line": 1, "column": 0 }, "end": { "line": 1, "column": 23 } },
        "locations": [{ "start": { "line": 1, "column": 0 }, "end": { "line": 1, "column": 23 } }]
      }
    },
    "b": { "0": [1], "1": [0], "2": [0], "3": [0] },
    "fnMap": {
      "0": {
        "name": "get",
        "decl": { "start": { "line": 1, "column": 0 }, "end": { "line": 1, "column": 23 } },
        "loc": { "start": { "line": 1, "column": 0 }, "end": { "line": 1, "column": 23 } },
        "line": 1
      }
    },
    "f": { "0": 0 }
  },
  "/Users/yhostc/Project/bodhi/packages/bodhi-adapter/src/utils/fetch-sse-api.ts": {
    "path": "/Users/yhostc/Project/bodhi/packages/bodhi-adapter/src/utils/fetch-sse-api.ts",
    "all": false,
    "statementMap": {
      "0": { "start": { "line": 1, "column": 0 }, "end": { "line": 1, "column": 31 } },
      "1": { "start": { "line": 2, "column": 0 }, "end": { "line": 2, "column": 50 } },
      "2": { "start": { "line": 3, "column": 0 }, "end": { "line": 3, "column": 0 } },
      "3": { "start": { "line": 4, "column": 0 }, "end": { "line": 4, "column": 39 } },
      "4": { "start": { "line": 5, "column": 0 }, "end": { "line": 5, "column": 21 } },
      "5": { "start": { "line": 6, "column": 0 }, "end": { "line": 6, "column": 21 } },
      "6": { "start": { "line": 7, "column": 0 }, "end": { "line": 7, "column": 0 } },
      "7": { "start": { "line": 8, "column": 0 }, "end": { "line": 8, "column": 52 } },
      "8": { "start": { "line": 9, "column": 0 }, "end": { "line": 9, "column": 32 } },
      "9": { "start": { "line": 10, "column": 0 }, "end": { "line": 10, "column": 39 } },
      "10": { "start": { "line": 11, "column": 0 }, "end": { "line": 11, "column": 42 } },
      "11": { "start": { "line": 12, "column": 0 }, "end": { "line": 12, "column": 40 } },
      "12": { "start": { "line": 13, "column": 0 }, "end": { "line": 13, "column": 58 } },
      "13": { "start": { "line": 14, "column": 0 }, "end": { "line": 14, "column": 54 } },
      "14": { "start": { "line": 15, "column": 0 }, "end": { "line": 15, "column": 3 } },
      "15": { "start": { "line": 16, "column": 0 }, "end": { "line": 16, "column": 1 } },
      "16": { "start": { "line": 17, "column": 0 }, "end": { "line": 17, "column": 0 } },
      "17": { "start": { "line": 18, "column": 0 }, "end": { "line": 18, "column": 31 } },
      "18": { "start": { "line": 19, "column": 0 }, "end": { "line": 19, "column": 14 } },
      "19": { "start": { "line": 20, "column": 0 }, "end": { "line": 20, "column": 42 } },
      "20": { "start": { "line": 21, "column": 0 }, "end": { "line": 21, "column": 38 } },
      "21": { "start": { "line": 22, "column": 0 }, "end": { "line": 22, "column": 35 } },
      "22": { "start": { "line": 23, "column": 0 }, "end": { "line": 23, "column": 4 } },
      "23": { "start": { "line": 24, "column": 0 }, "end": { "line": 24, "column": 3 } },
      "24": { "start": { "line": 25, "column": 0 }, "end": { "line": 25, "column": 58 } },
      "25": { "start": { "line": 26, "column": 0 }, "end": { "line": 26, "column": 45 } },
      "26": { "start": { "line": 27, "column": 0 }, "end": { "line": 27, "column": 16 } },
      "27": { "start": { "line": 28, "column": 0 }, "end": { "line": 28, "column": 23 } },
      "28": { "start": { "line": 29, "column": 0 }, "end": { "line": 29, "column": 0 } },
      "29": { "start": { "line": 30, "column": 0 }, "end": { "line": 30, "column": 9 } },
      "30": { "start": { "line": 31, "column": 0 }, "end": { "line": 31, "column": 32 } },
      "31": { "start": { "line": 32, "column": 0 }, "end": { "line": 32, "column": 19 } },
      "32": { "start": { "line": 33, "column": 0 }, "end": { "line": 33, "column": 30 } },
      "33": { "start": { "line": 34, "column": 0 }, "end": { "line": 34, "column": 5 } },
      "34": { "start": { "line": 35, "column": 0 }, "end": { "line": 35, "column": 0 } },
      "35": { "start": { "line": 36, "column": 0 }, "end": { "line": 36, "column": 45 } },
      "36": { "start": { "line": 37, "column": 0 }, "end": { "line": 37, "column": 3 } },
      "37": { "start": { "line": 38, "column": 0 }, "end": { "line": 38, "column": 0 } },
      "38": { "start": { "line": 39, "column": 0 }, "end": { "line": 39, "column": 42 } },
      "39": { "start": { "line": 40, "column": 0 }, "end": { "line": 40, "column": 33 } },
      "40": { "start": { "line": 41, "column": 0 }, "end": { "line": 41, "column": 28 } },
      "41": { "start": { "line": 42, "column": 0 }, "end": { "line": 42, "column": 5 } },
      "42": { "start": { "line": 43, "column": 0 }, "end": { "line": 43, "column": 5 } },
      "43": { "start": { "line": 44, "column": 0 }, "end": { "line": 44, "column": 0 } },
      "44": { "start": { "line": 45, "column": 0 }, "end": { "line": 45, "column": 37 } },
      "45": { "start": { "line": 46, "column": 0 }, "end": { "line": 46, "column": 54 } },
      "46": { "start": { "line": 47, "column": 0 }, "end": { "line": 47, "column": 31 } },
      "47": { "start": { "line": 48, "column": 0 }, "end": { "line": 48, "column": 68 } },
      "48": { "start": { "line": 49, "column": 0 }, "end": { "line": 49, "column": 3 } },
      "49": { "start": { "line": 50, "column": 0 }, "end": { "line": 50, "column": 0 } },
      "50": { "start": { "line": 51, "column": 0 }, "end": { "line": 51, "column": 29 } },
      "51": { "start": { "line": 52, "column": 0 }, "end": { "line": 52, "column": 31 } },
      "52": { "start": { "line": 53, "column": 0 }, "end": { "line": 53, "column": 44 } },
      "53": { "start": { "line": 54, "column": 0 }, "end": { "line": 54, "column": 36 } },
      "54": { "start": { "line": 55, "column": 0 }, "end": { "line": 55, "column": 5 } },
      "55": { "start": { "line": 56, "column": 0 }, "end": { "line": 56, "column": 5 } },
      "56": { "start": { "line": 57, "column": 0 }, "end": { "line": 57, "column": 1 } }
    },
    "s": {
      "0": 1,
      "1": 1,
      "2": 1,
      "3": 1,
      "4": 1,
      "5": 1,
      "6": 1,
      "7": 1,
      "8": 0,
      "9": 0,
      "10": 0,
      "11": 0,
      "12": 0,
      "13": 0,
      "14": 0,
      "15": 1,
      "16": 1,
      "17": 1,
      "18": 1,
      "19": 1,
      "20": 1,
      "21": 1,
      "22": 1,
      "23": 1,
      "24": 1,
      "25": 1,
      "26": 1,
      "27": 0,
      "28": 0,
      "29": 0,
      "30": 0,
      "31": 0,
      "32": 0,
      "33": 0,
      "34": 0,
      "35": 0,
      "36": 0,
      "37": 1,
      "38": 1,
      "39": 0,
      "40": 0,
      "41": 0,
      "42": 1,
      "43": 1,
      "44": 1,
      "45": 1,
      "46": 1,
      "47": 0,
      "48": 0,
      "49": 1,
      "50": 1,
      "51": 0,
      "52": 0,
      "53": 0,
      "54": 0,
      "55": 1,
      "56": 1
    },
    "branchMap": {
      "0": {
        "type": "branch",
        "line": 18,
        "loc": { "start": { "line": 18, "column": 7 }, "end": { "line": 57, "column": 1 } },
        "locations": [{ "start": { "line": 18, "column": 7 }, "end": { "line": 57, "column": 1 } }]
      },
      "1": {
        "type": "branch",
        "line": 27,
        "loc": { "start": { "line": 27, "column": 15 }, "end": { "line": 37, "column": 3 } },
        "locations": [{ "start": { "line": 27, "column": 15 }, "end": { "line": 37, "column": 3 } }]
      },
      "2": {
        "type": "branch",
        "line": 47,
        "loc": { "start": { "line": 47, "column": 30 }, "end": { "line": 49, "column": 3 } },
        "locations": [{ "start": { "line": 47, "column": 30 }, "end": { "line": 49, "column": 3 } }]
      }
    },
    "b": { "0": [1], "1": [0], "2": [0] },
    "fnMap": {
      "0": {
        "name": "FetchError",
        "decl": { "start": { "line": 8, "column": 2 }, "end": { "line": 15, "column": 3 } },
        "loc": { "start": { "line": 8, "column": 2 }, "end": { "line": 15, "column": 3 } },
        "line": 8
      },
      "1": {
        "name": "fetchSSE",
        "decl": { "start": { "line": 18, "column": 7 }, "end": { "line": 57, "column": 1 } },
        "loc": { "start": { "line": 18, "column": 7 }, "end": { "line": 57, "column": 1 } },
        "line": 18
      }
    },
    "f": { "0": 0, "1": 1 }
  }
}
