TN:
SF:src/provider/base.ts
FN:2,<instance_members_initializer>
FN:10,ChatBaseAPI
FN:17,models
FN:21,sendMessage
FNF:4
FNH:2
FNDA:1,<instance_members_initializer>
FNDA:1,ChatBaseAPI
FNDA:0,models
FNDA:0,sendMessage
DA:1,1
DA:2,1
DA:3,1
DA:4,1
DA:5,1
DA:6,1
DA:7,1
DA:8,1
DA:9,1
DA:10,1
DA:11,1
DA:12,1
DA:13,1
DA:14,1
DA:15,1
DA:16,1
DA:17,1
DA:18,0
DA:19,0
DA:20,1
DA:21,1
DA:22,0
DA:23,0
DA:24,1
LF:24
LH:20
BRDA:2,0,0,1
BRDA:10,1,0,1
BRDA:14,2,0,0
BRF:3
BRH:2
end_of_record
TN:
SF:src/provider/index.ts
FN:1,get
FN:2,get
FN:3,get
FNF:3
FNH:1
FNDA:1,get
FNDA:0,get
FNDA:0,get
DA:1,1
DA:2,0
DA:3,0
LF:3
LH:1
BRDA:1,0,0,2
BRDA:1,1,0,0
BRDA:1,2,0,0
BRDA:1,3,0,0
BRDA:1,4,0,1
BRDA:2,5,0,2
BRDA:2,6,0,0
BRDA:2,7,0,0
BRDA:2,8,0,0
BRDA:3,9,0,1
BRDA:3,10,0,0
BRDA:3,11,0,0
BRDA:3,12,0,0
BRF:13
BRH:4
end_of_record
TN:
SF:src/provider/anthropic/claude.ts
FN:8,<instance_members_initializer>
FNF:1
FNH:0
FNDA:0,<instance_members_initializer>
DA:1,1
DA:2,1
DA:3,1
DA:4,1
DA:5,1
DA:6,1
DA:7,1
DA:8,1
DA:9,0
DA:10,0
DA:11,0
DA:12,0
DA:13,0
DA:14,0
DA:15,0
DA:16,0
DA:17,0
DA:18,0
DA:19,0
DA:20,0
DA:21,0
DA:22,0
DA:23,0
DA:24,0
DA:25,0
DA:26,0
DA:27,0
DA:28,0
DA:29,0
DA:30,0
DA:31,0
DA:32,0
DA:33,0
DA:34,0
DA:35,0
DA:36,0
DA:37,0
DA:38,0
DA:39,0
DA:40,0
DA:41,0
DA:42,0
DA:43,0
DA:44,0
DA:45,0
DA:46,0
DA:47,0
DA:48,0
DA:49,0
DA:50,0
DA:51,0
DA:52,0
DA:53,0
DA:54,0
DA:55,0
DA:56,0
DA:57,0
DA:58,0
DA:59,0
DA:60,0
DA:61,0
DA:62,0
DA:63,0
DA:64,0
DA:65,0
DA:66,0
DA:67,0
DA:68,0
DA:69,0
DA:70,0
DA:71,0
DA:72,0
DA:73,0
DA:74,0
DA:75,0
DA:76,0
DA:77,0
DA:78,0
DA:79,0
DA:80,0
DA:81,0
DA:82,0
DA:83,0
DA:84,0
DA:85,0
DA:86,0
DA:87,0
DA:88,0
DA:89,0
DA:90,0
DA:91,0
DA:92,0
DA:93,0
DA:94,0
DA:95,0
DA:96,0
DA:97,0
DA:98,0
DA:99,0
DA:100,0
DA:101,0
DA:102,0
DA:103,0
DA:104,0
DA:105,0
DA:106,0
DA:107,0
DA:108,0
DA:109,0
DA:110,0
DA:111,0
DA:112,0
DA:113,0
DA:114,0
DA:115,0
DA:116,0
DA:117,0
DA:118,0
DA:119,0
DA:120,0
DA:121,0
DA:122,0
DA:123,0
DA:124,0
DA:125,0
DA:126,0
LF:126
LH:8
BRDA:8,0,0,0
BRF:1
BRH:0
end_of_record
TN:
SF:src/provider/anthropic/index.ts
FN:1,get
FNF:1
FNH:0
FNDA:0,get
DA:1,0
LF:1
LH:0
BRDA:1,0,0,1
BRDA:1,1,0,0
BRDA:1,2,0,0
BRDA:1,3,0,0
BRF:4
BRH:1
end_of_record
TN:
SF:src/provider/google/gemini.ts
FN:8,<instance_members_initializer>
FNF:1
FNH:0
FNDA:0,<instance_members_initializer>
DA:1,1
DA:2,1
DA:3,1
DA:4,1
DA:5,1
DA:6,1
DA:7,1
DA:8,1
DA:9,0
DA:10,0
DA:11,0
DA:12,0
DA:13,0
DA:14,0
DA:15,0
DA:16,0
DA:17,0
DA:18,0
DA:19,0
DA:20,0
DA:21,0
DA:22,0
DA:23,0
DA:24,0
DA:25,0
DA:26,0
DA:27,0
DA:28,0
DA:29,0
DA:30,0
DA:31,0
DA:32,0
DA:33,0
DA:34,0
DA:35,0
DA:36,0
DA:37,0
DA:38,0
DA:39,0
DA:40,0
DA:41,0
DA:42,0
DA:43,0
DA:44,0
DA:45,0
DA:46,0
DA:47,0
DA:48,0
DA:49,0
DA:50,0
DA:51,0
DA:52,0
DA:53,0
DA:54,0
DA:55,0
DA:56,0
DA:57,0
DA:58,0
DA:59,0
DA:60,0
DA:61,0
DA:62,0
DA:63,0
DA:64,0
DA:65,0
DA:66,0
DA:67,0
DA:68,0
DA:69,0
DA:70,0
DA:71,0
DA:72,0
DA:73,0
DA:74,0
DA:75,0
DA:76,0
DA:77,0
DA:78,0
DA:79,0
DA:80,0
DA:81,0
DA:82,0
DA:83,0
DA:84,0
DA:85,0
DA:86,0
DA:87,0
DA:88,0
DA:89,0
DA:90,0
DA:91,0
DA:92,0
DA:93,0
DA:94,0
DA:95,0
DA:96,0
DA:97,0
DA:98,0
DA:99,0
DA:100,0
DA:101,0
DA:102,0
DA:103,0
DA:104,0
DA:105,0
DA:106,0
DA:107,0
DA:108,0
DA:109,0
DA:110,0
DA:111,0
DA:112,0
DA:113,0
DA:114,0
DA:115,0
DA:116,0
DA:117,0
DA:118,0
DA:119,0
DA:120,0
DA:121,0
DA:122,0
DA:123,0
DA:124,0
DA:125,0
DA:126,0
DA:127,0
DA:128,0
DA:129,0
DA:130,0
DA:131,0
DA:132,0
DA:133,0
DA:134,0
DA:135,0
DA:136,0
DA:137,0
DA:138,0
DA:139,0
DA:140,0
DA:141,0
DA:142,0
DA:143,0
DA:144,0
DA:145,0
DA:146,0
DA:147,0
LF:147
LH:8
BRDA:8,0,0,0
BRF:1
BRH:0
end_of_record
TN:
SF:src/provider/google/index.ts
FN:1,get
FN:2,get
FNF:2
FNH:0
FNDA:0,get
FNDA:0,get
DA:1,0
DA:2,0
LF:2
LH:0
BRDA:1,0,0,1
BRDA:1,1,0,0
BRDA:1,2,0,0
BRDA:1,3,0,0
BRDA:2,4,0,1
BRDA:2,5,0,0
BRDA:2,6,0,0
BRDA:2,7,0,0
BRF:8
BRH:2
end_of_record
TN:
SF:src/provider/google/vertex.ts
FN:9,<instance_members_initializer>
FNF:1
FNH:0
FNDA:0,<instance_members_initializer>
DA:1,1
DA:2,1
DA:3,1
DA:4,1
DA:5,1
DA:6,1
DA:7,1
DA:8,1
DA:9,1
DA:10,0
DA:11,0
DA:12,0
DA:13,0
DA:14,0
DA:15,0
DA:16,0
DA:17,0
DA:18,0
DA:19,0
DA:20,0
DA:21,0
DA:22,0
DA:23,0
DA:24,0
DA:25,0
DA:26,0
DA:27,0
DA:28,0
DA:29,0
DA:30,0
DA:31,0
DA:32,0
DA:33,0
DA:34,0
DA:35,0
DA:36,0
DA:37,0
DA:38,0
DA:39,0
DA:40,0
DA:41,0
DA:42,0
DA:43,0
DA:44,0
DA:45,0
DA:46,0
DA:47,0
DA:48,0
DA:49,0
DA:50,0
DA:51,0
DA:52,0
DA:53,0
DA:54,0
DA:55,0
DA:56,0
DA:57,0
DA:58,0
DA:59,0
DA:60,0
DA:61,0
DA:62,0
DA:63,0
DA:64,0
DA:65,0
DA:66,0
DA:67,0
DA:68,0
DA:69,0
DA:70,0
DA:71,0
DA:72,0
DA:73,0
DA:74,0
DA:75,0
DA:76,0
DA:77,0
DA:78,0
DA:79,0
DA:80,0
DA:81,0
DA:82,0
DA:83,0
DA:84,0
DA:85,0
DA:86,0
DA:87,0
DA:88,0
DA:89,0
DA:90,0
DA:91,0
DA:92,0
DA:93,0
DA:94,0
DA:95,0
DA:96,0
DA:97,0
DA:98,0
DA:99,0
DA:100,0
DA:101,0
DA:102,0
DA:103,0
DA:104,0
DA:105,0
DA:106,0
DA:107,0
DA:108,0
DA:109,0
DA:110,0
DA:111,0
DA:112,0
DA:113,0
DA:114,0
DA:115,0
DA:116,0
LF:116
LH:9
BRDA:9,0,0,0
BRF:1
BRH:0
end_of_record
TN:
SF:src/provider/openai/assistants.ts
FN:8,<instance_members_initializer>
FNF:1
FNH:0
FNDA:0,<instance_members_initializer>
DA:1,1
DA:2,1
DA:3,1
DA:4,1
DA:5,1
DA:6,1
DA:7,1
DA:8,1
DA:9,0
DA:10,0
DA:11,0
DA:12,0
DA:13,0
DA:14,0
DA:15,0
LF:15
LH:8
BRDA:8,0,0,0
BRF:1
BRH:0
end_of_record
TN:
SF:src/provider/openai/completions.ts
FN:8,<instance_members_initializer>
FN:11,OpenAICompletionsAPI
FN:16,sendMessage
FN:17,onProgress
FN:74,convertParams
FN:106,convertResult
FNF:6
FNH:4
FNDA:1,<instance_members_initializer>
FNDA:1,OpenAICompletionsAPI
FNDA:1,sendMessage
FNDA:0,onProgress
FNDA:1,convertParams
FNDA:0,convertResult
DA:1,1
DA:2,1
DA:3,1
DA:4,1
DA:5,1
DA:6,1
DA:7,1
DA:8,1
DA:9,1
DA:10,1
DA:11,1
DA:12,1
DA:13,1
DA:14,1
DA:15,1
DA:16,1
DA:17,1
DA:18,1
DA:19,1
DA:20,1
DA:21,1
DA:22,1
DA:23,1
DA:24,1
DA:25,1
DA:26,1
DA:27,1
DA:28,1
DA:29,0
DA:30,0
DA:31,0
DA:32,1
DA:33,1
DA:34,1
DA:35,1
DA:36,1
DA:37,1
DA:38,340
DA:39,340
DA:40,1
DA:41,340
DA:42,339
DA:43,339
DA:44,339
DA:45,339
DA:46,0
DA:47,339
DA:48,339
DA:49,340
DA:50,340
DA:51,340
DA:52,340
DA:53,340
DA:54,340
DA:55,340
DA:56,340
DA:57,1
DA:58,1
DA:59,170
DA:60,170
DA:61,170
DA:62,170
DA:63,1
DA:64,1
DA:65,1
DA:66,1
DA:67,1
DA:68,1
DA:69,1
DA:70,1
DA:71,1
DA:72,1
DA:73,1
DA:74,1
DA:75,1
DA:76,1
DA:77,1
DA:78,1
DA:79,1
DA:80,1
DA:81,1
DA:82,1
DA:83,1
DA:84,1
DA:85,1
DA:86,1
DA:87,1
DA:88,1
DA:89,1
DA:90,1
DA:91,1
DA:92,1
DA:93,1
DA:94,1
DA:95,1
DA:96,1
DA:97,1
DA:98,1
DA:99,1
DA:100,1
DA:101,1
DA:102,1
DA:103,1
DA:104,1
DA:105,1
DA:106,1
DA:107,0
DA:108,0
DA:109,0
DA:110,0
DA:111,0
DA:112,0
DA:113,1
LF:113
LH:103
BRDA:8,0,0,1
BRDA:11,1,0,1
BRDA:16,2,0,1
BRDA:19,3,0,1
BRDA:24,4,0,0
BRDA:28,5,0,0
BRDA:37,6,0,340
BRDA:39,7,0,1
BRDA:41,8,0,339
BRDA:45,9,0,0
BRDA:58,10,0,170
BRDA:74,11,0,1
BRDA:76,12,0,0
BRDA:77,13,0,0
BRF:14
BRH:9
end_of_record
TN:
SF:src/provider/openai/index.ts
FN:1,get
FN:2,get
FNF:2
FNH:1
FNDA:1,get
FNDA:0,get
DA:1,1
DA:2,0
LF:2
LH:1
BRDA:1,0,0,1
BRDA:1,1,0,0
BRDA:1,2,0,0
BRDA:1,3,0,0
BRDA:1,4,0,1
BRDA:2,5,0,1
BRDA:2,6,0,0
BRDA:2,7,0,0
BRDA:2,8,0,0
BRF:9
BRH:3
end_of_record
TN:
SF:src/types/chat.ts
FN:7,ChatError
FNF:1
FNH:0
FNDA:0,ChatError
DA:1,1
DA:2,1
DA:3,1
DA:4,1
DA:5,1
DA:6,1
DA:7,1
DA:8,0
DA:9,0
DA:10,0
DA:11,1
DA:12,1
DA:13,1
DA:14,1
DA:15,1
DA:16,1
DA:17,1
DA:18,1
DA:19,1
DA:20,1
DA:21,1
DA:22,1
DA:23,1
DA:24,1
DA:25,1
DA:26,1
DA:27,1
DA:28,1
DA:29,1
DA:30,1
DA:31,1
DA:32,1
DA:33,1
DA:34,1
DA:35,1
DA:36,1
DA:37,1
DA:38,1
DA:39,1
DA:40,1
DA:41,1
DA:42,1
DA:43,1
DA:44,1
DA:45,1
DA:46,1
DA:47,1
DA:48,1
DA:49,1
DA:50,1
DA:51,1
DA:52,1
DA:53,1
LF:53
LH:50
BRDA:3,0,0,1
BRF:1
BRH:1
end_of_record
TN:
SF:src/types/index.ts
FN:1,get
FN:2,get
FNF:2
FNH:0
FNDA:0,get
FNDA:0,get
DA:1,0
DA:2,0
LF:2
LH:0
BRDA:1,0,0,1
BRDA:1,1,0,0
BRDA:1,2,0,0
BRDA:1,3,0,0
BRDA:2,4,0,1
BRDA:2,5,0,0
BRDA:2,6,0,0
BRDA:2,7,0,0
BRF:8
BRH:2
end_of_record
TN:
SF:src/types/provider.ts
FNF:0
FNH:0
DA:1,1
DA:2,1
DA:3,1
DA:4,1
DA:5,1
DA:6,1
DA:7,1
LF:7
LH:7
BRDA:1,0,0,1
BRF:1
BRH:1
end_of_record
